0.194913 119
0.000907 77
0.022290 56
0.000308 7
0.000488 8
0.027388 102
3.629557 19
0.004647 52
0.197101 30
0.035407 41
0.052091 44
0.070767 6
0.511398 83
0.158880 7
0.010607 11
0.002214 32
0.000263 132
0.003015 77
0.028498 101
0.000164 7
0.000512 8
1.400396 11
0.005673 24
0.084821 18
0.061473 1
0.012354 34
1.325496 179
0.493940 7
0.013468 11
0.001828 46
0.009122 74
0.000953 119
0.002657 77
0.027615 101
0.000161 7
0.000506 8
1.516359 1
0.018160 30
0.022954 41
0.004590 26
0.477071 115
0.003201 82
0.010587 111
0.520217 1
0.011675 23
0.585236 66
0.443793 7
0.005989 11
0.001721 31
0.026742 100
0.000823 119
0.002155 77
0.030807 101
0.000157 7
0.000495 8
2.452459 11
